[debug] [2023-06-08T13:02:57.611Z] ----------------------------------------------------------------------
[debug] [2023-06-08T13:02:57.613Z] Command:       C:\Program Files\nodejs\node.exe C:\Users\91809\AppData\Roaming\npm\node_modules\firebase-tools\lib\bin\firebase.js init
[debug] [2023-06-08T13:02:57.613Z] CLI Version:   12.3.1
[debug] [2023-06-08T13:02:57.614Z] Platform:      win32
[debug] [2023-06-08T13:02:57.614Z] Node Version:  v18.16.0
[debug] [2023-06-08T13:02:57.615Z] Time:          Thu Jun 08 2023 18:32:57 GMT+0530 (India Standard Time)
[debug] [2023-06-08T13:02:57.615Z] ----------------------------------------------------------------------
[debug] 
[debug] [2023-06-08T13:02:57.707Z] > command requires scopes: ["email","openid","https://www.googleapis.com/auth/cloudplatformprojects.readonly","https://www.googleapis.com/auth/firebase","https://www.googleapis.com/auth/cloud-platform"]
[debug] [2023-06-08T13:02:57.708Z] > authorizing via signed-in user (ycmt154@gmail.com)
[info] 
     ######## #### ########  ######## ########     ###     ######  ########
     ##        ##  ##     ## ##       ##     ##  ##   ##  ##       ##
     ######    ##  ########  ######   ########  #########  ######  ######
     ##        ##  ##    ##  ##       ##     ## ##     ##       ## ##
     ##       #### ##     ## ######## ########  ##     ##  ######  ########

You're about to initialize a Firebase project in this directory:

  C:\Users\91809\OneDrive\Desktop\weather

Before we get started, keep in mind:

  * You are initializing within an existing Firebase project directory

[info] 
=== Project Setup
[info] 
[info] First, let's associate this project directory with a Firebase project.
[info] You can create multiple project aliases by running firebase use --add, 
[info] but for now we'll just set up a default project.
[info] 
[debug] [2023-06-08T13:03:11.149Z] Using project from CLI flag: notify-f5add
[debug] [2023-06-08T13:03:11.152Z] > refreshing access token with scopes: []
[debug] [2023-06-08T13:03:11.156Z] >>> [apiv2][query] POST https://www.googleapis.com/oauth2/v3/token [none]
[debug] [2023-06-08T13:03:11.156Z] >>> [apiv2][body] POST https://www.googleapis.com/oauth2/v3/token [omitted]
[debug] [2023-06-08T13:03:11.408Z] <<< [apiv2][status] POST https://www.googleapis.com/oauth2/v3/token 200
[debug] [2023-06-08T13:03:11.408Z] <<< [apiv2][body] POST https://www.googleapis.com/oauth2/v3/token [omitted]
[debug] [2023-06-08T13:03:11.418Z] >>> [apiv2][query] GET https://firebase.googleapis.com/v1beta1/projects/notify-f5add [none]
[debug] [2023-06-08T13:03:12.225Z] <<< [apiv2][status] GET https://firebase.googleapis.com/v1beta1/projects/notify-f5add 200
[debug] [2023-06-08T13:03:12.225Z] <<< [apiv2][body] GET https://firebase.googleapis.com/v1beta1/projects/notify-f5add {"projectId":"notify-f5add","projectNumber":"691448929989","displayName":"Notify","name":"projects/notify-f5add","resources":{"hostingSite":"notify-f5add"},"state":"ACTIVE","etag":"1_ad23f7b2-f549-4cbb-acce-7c0b7c3b8b79"}
[info] i  Using project notify-f5add (Notify) 
[info] 
=== Functions Setup
[debug] [2023-06-08T13:03:12.231Z] > command requires scopes: ["email","openid","https://www.googleapis.com/auth/cloudplatformprojects.readonly","https://www.googleapis.com/auth/firebase","https://www.googleapis.com/auth/cloud-platform"]
[debug] [2023-06-08T13:03:12.231Z] > authorizing via signed-in user (ycmt154@gmail.com)
[debug] [2023-06-08T13:03:12.231Z] [iam] checking project notify-f5add for permissions ["firebase.projects.get"]
[debug] [2023-06-08T13:03:12.232Z] >>> [apiv2][query] POST https://cloudresourcemanager.googleapis.com/v1/projects/notify-f5add:testIamPermissions [none]
[debug] [2023-06-08T13:03:12.232Z] >>> [apiv2][(partial)header] POST https://cloudresourcemanager.googleapis.com/v1/projects/notify-f5add:testIamPermissions x-goog-quota-user=projects/notify-f5add
[debug] [2023-06-08T13:03:12.232Z] >>> [apiv2][body] POST https://cloudresourcemanager.googleapis.com/v1/projects/notify-f5add:testIamPermissions {"permissions":["firebase.projects.get"]}
[debug] [2023-06-08T13:03:13.554Z] <<< [apiv2][status] POST https://cloudresourcemanager.googleapis.com/v1/projects/notify-f5add:testIamPermissions 200
[debug] [2023-06-08T13:03:13.554Z] <<< [apiv2][body] POST https://cloudresourcemanager.googleapis.com/v1/projects/notify-f5add:testIamPermissions {"permissions":["firebase.projects.get"]}
[debug] [2023-06-08T13:03:13.555Z] >>> [apiv2][query] GET https://serviceusage.googleapis.com/v1/projects/notify-f5add/services/cloudfunctions.googleapis.com [none]
[debug] [2023-06-08T13:03:13.555Z] >>> [apiv2][(partial)header] GET https://serviceusage.googleapis.com/v1/projects/notify-f5add/services/cloudfunctions.googleapis.com x-goog-quota-user=projects/notify-f5add
[debug] [2023-06-08T13:03:13.557Z] >>> [apiv2][query] GET https://serviceusage.googleapis.com/v1/projects/notify-f5add/services/runtimeconfig.googleapis.com [none]
[debug] [2023-06-08T13:03:13.557Z] >>> [apiv2][(partial)header] GET https://serviceusage.googleapis.com/v1/projects/notify-f5add/services/runtimeconfig.googleapis.com x-goog-quota-user=projects/notify-f5add
[debug] [2023-06-08T13:03:15.244Z] <<< [apiv2][status] GET https://serviceusage.googleapis.com/v1/projects/notify-f5add/services/runtimeconfig.googleapis.com 200
[debug] [2023-06-08T13:03:15.244Z] <<< [apiv2][body] GET https://serviceusage.googleapis.com/v1/projects/notify-f5add/services/runtimeconfig.googleapis.com [omitted]
[debug] [2023-06-08T13:03:15.247Z] <<< [apiv2][status] GET https://serviceusage.googleapis.com/v1/projects/notify-f5add/services/cloudfunctions.googleapis.com 200
[debug] [2023-06-08T13:03:15.247Z] <<< [apiv2][body] GET https://serviceusage.googleapis.com/v1/projects/notify-f5add/services/cloudfunctions.googleapis.com [omitted]
[info] 
Detected existing codebase(s): default

[info] Let's create a new codebase for your functions.
[info] A directory corresponding to the codebase will be created in your project
[info] with sample code pre-configured.

[info] See https://firebase.google.com/docs/functions/organize-functions for
[info] more information on organizing your functions using codebases.

[info] Functions can be deployed with firebase deploy.

[error] Invalid codebase name. Codebase must be less than 64 characters and can contain only lowercase letters, numeric characters, underscores, and dashes.
[info] +  Wrote notify/package.json 
[info] +  Wrote notify/index.js 
[info] +  Wrote notify/.gitignore 
